# JRE version: OpenJDK Runtime Environment (11.0.8+10) (build 11.0.8+10-b944.6842174)
# Java VM: OpenJDK 64-Bit Server VM (11.0.8+10-b944.6842174, mixed mode, tiered, compressed oops, g1 gc, windows-amd64)
Heap:
 garbage-first heap   total 262144K, used 144658K [0x00000000e0000000, 0x0000000100000000)
  region size 1024K, 37 young (37888K), 2 survivors (2048K)
 Metaspace       used 87327K, capacity 90299K, committed 93684K, reserved 335872K
  class space    used 10755K, capacity 11747K, committed 12416K, reserved 253952K
GC Heap History (20 events):
Event: 16.241 GC heap before
{Heap before GC invocations=11 (full 0):
 garbage-first heap   total 262144K, used 167635K [0x00000000e0000000, 0x0000000100000000)
  region size 1024K, 93 young (95232K), 13 survivors (13312K)
 Metaspace       used 72386K, capacity 74660K, committed 74868K, reserved 319488K
  class space    used 9149K, capacity 9872K, committed 9984K, reserved 253952K
}
Event: 16.264 GC heap after
{Heap after GC invocations=12 (full 0):
 garbage-first heap   total 262144K, used 93690K [0x00000000e0000000, 0x0000000100000000)
  region size 1024K, 8 young (8192K), 8 survivors (8192K)
 Metaspace       used 72386K, capacity 74660K, committed 74868K, reserved 319488K
  class space    used 9149K, capacity 9872K, committed 9984K, reserved 253952K
}
Event: 17.707 GC heap before
{Heap before GC invocations=12 (full 0):
 garbage-first heap   total 262144K, used 175610K [0x00000000e0000000, 0x0000000100000000)
  region size 1024K, 88 young (90112K), 8 survivors (8192K)
 Metaspace       used 75974K, capacity 78398K, committed 78580K, reserved 323584K
  class space    used 9519K, capacity 10285K, committed 10368K, reserved 253952K
}
Event: 17.723 GC heap after
{Heap after GC invocations=13 (full 0):
 garbage-first heap   total 262144K, used 99057K [0x00000000e0000000, 0x0000000100000000)
  region size 1024K, 5 young (5120K), 5 survivors (5120K)
 Metaspace       used 75974K, capacity 78398K, committed 78580K, reserved 323584K
  class space    used 9519K, capacity 10285K, committed 10368K, reserved 253952K
}
Event: 18.805 GC heap before
{Heap before GC invocations=13 (full 0):
 garbage-first heap   total 262144K, used 184049K [0x00000000e0000000, 0x0000000100000000)
  region size 1024K, 88 young (90112K), 5 survivors (5120K)
 Metaspace       used 81956K, capacity 84678K, committed 84852K, reserved 327680K
  class space    used 10293K, capacity 11187K, committed 11264K, reserved 253952K
}
Event: 18.820 GC heap after
{Heap after GC invocations=14 (full 0):
 garbage-first heap   total 262144K, used 104437K [0x00000000e0000000, 0x0000000100000000)
  region size 1024K, 11 young (11264K), 11 survivors (11264K)
 Metaspace       used 81956K, capacity 84678K, committed 84852K, reserved 327680K
  class space    used 10293K, capacity 11187K, committed 11264K, reserved 253952K
}
Event: 19.749 GC heap before
{Heap before GC invocations=14 (full 0):
 garbage-first heap   total 262144K, used 190453K [0x00000000e0000000, 0x0000000100000000)
  region size 1024K, 95 young (97280K), 11 survivors (11264K)
 Metaspace       used 84542K, capacity 87602K, committed 87924K, reserved 331776K
  class space    used 10646K, capacity 11670K, committed 11776K, reserved 253952K
}
Event: 19.774 GC heap after
{Heap after GC invocations=15 (full 0):
 garbage-first heap   total 262144K, used 111119K [0x00000000e0000000, 0x0000000100000000)
  region size 1024K, 12 young (12288K), 12 survivors (12288K)
 Metaspace       used 84542K, capacity 87602K, committed 87924K, reserved 331776K
  class space    used 10646K, capacity 11670K, committed 11776K, reserved 253952K
}
Event: 2438.037 GC heap before
{Heap before GC invocations=15 (full 0):
 garbage-first heap   total 262144K, used 198159K [0x00000000e0000000, 0x0000000100000000)
  region size 1024K, 96 young (98304K), 12 survivors (12288K)
 Metaspace       used 86491K, capacity 89737K, committed 89844K, reserved 333824K
  class space    used 10820K, capacity 11904K, committed 11904K, reserved 253952K
}
Event: 2438.060 GC heap after
{Heap after GC invocations=16 (full 0):
 garbage-first heap   total 262144K, used 115025K [0x00000000e0000000, 0x0000000100000000)
  region size 1024K, 5 young (5120K), 5 survivors (5120K)
 Metaspace       used 86491K, capacity 89737K, committed 89844K, reserved 333824K
  class space    used 10820K, capacity 11904K, committed 11904K, reserved 253952K
}
Event: 2439.595 GC heap before
{Heap before GC invocations=16 (full 0):
 garbage-first heap   total 262144K, used 201041K [0x00000000e0000000, 0x0000000100000000)
  region size 1024K, 89 young (91136K), 5 survivors (5120K)
 Metaspace       used 87611K, capacity 91076K, committed 91252K, reserved 333824K
  class space    used 10906K, capacity 12012K, committed 12032K, reserved 253952K
}
Event: 2439.609 GC heap after
{Heap after GC invocations=17 (full 0):
 garbage-first heap   total 262144K, used 122481K [0x00000000e0000000, 0x0000000100000000)
  region size 1024K, 12 young (12288K), 12 survivors (12288K)
 Metaspace       used 87611K, capacity 91076K, committed 91252K, reserved 333824K
  class space    used 10906K, capacity 12012K, committed 12032K, reserved 253952K
}
Event: 2441.621 GC heap before
{Heap before GC invocations=17 (full 0):
 garbage-first heap   total 262144K, used 205425K [0x00000000e0000000, 0x0000000100000000)
  region size 1024K, 93 young (95232K), 12 survivors (12288K)
 Metaspace       used 88307K, capacity 91753K, committed 91892K, reserved 333824K
  class space    used 10969K, capacity 12084K, committed 12160K, reserved 253952K
}
Event: 2441.640 GC heap after
{Heap after GC invocations=18 (full 0):
 garbage-first heap   total 262144K, used 130265K [0x00000000e0000000, 0x0000000100000000)
  region size 1024K, 9 young (9216K), 9 survivors (9216K)
 Metaspace       used 88307K, capacity 91753K, committed 91892K, reserved 333824K
  class space    used 10969K, capacity 12084K, committed 12160K, reserved 253952K
}
Event: 2442.501 GC heap before
{Heap before GC invocations=18 (full 0):
 garbage-first heap   total 262144K, used 208089K [0x00000000e0000000, 0x0000000100000000)
  region size 1024K, 85 young (87040K), 9 survivors (9216K)
 Metaspace       used 89858K, capacity 93353K, committed 93684K, reserved 335872K
  class space    used 11146K, capacity 12315K, committed 12416K, reserved 253952K
}
Event: 2442.518 GC heap after
{Heap after GC invocations=19 (full 0):
 garbage-first heap   total 262144K, used 136414K [0x00000000e0000000, 0x0000000100000000)
  region size 1024K, 7 young (7168K), 7 survivors (7168K)
 Metaspace       used 89858K, capacity 93353K, committed 93684K, reserved 335872K
  class space    used 11146K, capacity 12315K, committed 12416K, reserved 253952K
}
Event: 4953.510 GC heap before
{Heap before GC invocations=20 (full 0):
 garbage-first heap   total 262144K, used 205022K [0x00000000e0000000, 0x0000000100000000)
  region size 1024K, 81 young (82944K), 7 survivors (7168K)
 Metaspace       used 87242K, capacity 90234K, committed 93684K, reserved 335872K
  class space    used 10755K, capacity 11747K, committed 12416K, reserved 253952K
}
Event: 4953.540 GC heap after
{Heap after GC invocations=21 (full 0):
 garbage-first heap   total 262144K, used 129174K [0x00000000e0000000, 0x0000000100000000)
  region size 1024K, 2 young (2048K), 2 survivors (2048K)
 Metaspace       used 87242K, capacity 90234K, committed 93684K, reserved 335872K
  class space    used 10755K, capacity 11747K, committed 12416K, reserved 253952K
}
Event: 5371.350 GC heap before
{Heap before GC invocations=21 (full 0):
 garbage-first heap   total 262144K, used 139414K [0x00000000e0000000, 0x0000000100000000)
  region size 1024K, 12 young (12288K), 2 survivors (2048K)
 Metaspace       used 87284K, capacity 90298K, committed 93684K, reserved 335872K
  class space    used 10755K, capacity 11747K, committed 12416K, reserved 253952K
}
Event: 5371.367 GC heap after
{Heap after GC invocations=22 (full 0):
 garbage-first heap   total 262144K, used 109842K [0x00000000e0000000, 0x0000000100000000)
  region size 1024K, 2 young (2048K), 2 survivors (2048K)
 Metaspace       used 87284K, capacity 90298K, committed 93684K, reserved 335872K
  class space    used 10755K, capacity 11747K, committed 12416K, reserved 253952K
}

